TN:
SF:/Users/teddy/dev/react-scroll-lock-component/src/ScrollLock.jsx
FN:4,(anonymous_0)
FN:13,(anonymous_1)
FN:19,(anonymous_2)
FN:26,(anonymous_3)
FN:30,(anonymous_4)
FN:34,(anonymous_5)
FN:38,(anonymous_6)
FN:58,(anonymous_7)
FN:62,(anonymous_8)
FN:68,(anonymous_9)
FNF:10
FNH:8
FNDA:9,(anonymous_0)
FNDA:4,(anonymous_1)
FNDA:2,(anonymous_2)
FNDA:1,(anonymous_3)
FNDA:0,(anonymous_4)
FNDA:0,(anonymous_5)
FNDA:2,(anonymous_6)
FNDA:7,(anonymous_7)
FNDA:1,(anonymous_8)
FNDA:11,(anonymous_9)
DA:5,9
DA:6,9
DA:7,9
DA:8,9
DA:9,9
DA:10,9
DA:14,4
DA:15,3
DA:20,2
DA:21,2
DA:22,2
DA:27,1
DA:31,0
DA:35,0
DA:39,2
DA:40,2
DA:41,2
DA:42,2
DA:44,2
DA:45,2
DA:46,1
DA:47,1
DA:48,1
DA:49,1
DA:50,1
DA:53,2
DA:54,2
DA:59,7
DA:63,1
DA:64,1
DA:65,1
DA:69,11
DA:77,1
LF:33
LH:31
BRDA:14,0,0,3
BRDA:14,0,1,1
BRDA:20,1,0,2
BRDA:20,1,1,0
BRDA:21,2,0,1
BRDA:21,2,1,1
BRDA:45,3,0,1
BRDA:45,3,1,1
BRDA:45,4,0,2
BRDA:45,4,1,1
BRDA:48,5,0,1
BRDA:48,5,1,0
BRDA:48,6,0,1
BRDA:48,6,1,1
BRDA:53,7,0,2
BRDA:53,7,1,0
BRDA:59,8,0,7
BRDA:59,8,1,5
BRF:18
BRH:15
end_of_record
